<?xml version="1.0" encoding="UTF-8"?>
<!-- Generated by org.testng.reporters.JUnitReportReporter -->
<testsuite hostname="USER-PC" name="common.testcase.VerifyFunction" tests="4" failures="0" timestamp="3 Aug 2018 16:27:47 GMT" time="14.746" errors="0">
  <testcase name="VerifyAccountPage" time="4.737" classname="common.testcase.VerifyFunction"/>
  <testcase name="VerifyCustomerPage" time="4.976" classname="common.testcase.VerifyFunction"/>
  <testcase name="VerifyLogin" time="2.672" classname="common.testcase.VerifyFunction"/>
  <testcase name="VerifyWithdrawalPage" time="2.361" classname="common.testcase.VerifyFunction"/>
</testsuite> <!-- common.testcase.VerifyFunction -->
