<?xml version="1.0" encoding="UTF-8"?>
<!-- Generated by org.testng.reporters.JUnitReportReporter -->
<testsuite hostname="TRAN_VIET_DUC" name="pOm.VerifyLoginPage" tests="1" failures="0" timestamp="29 Apr 2016 16:53:56 GMT" time="24.320" errors="0">
  <testcase name="VerifyLogin" time="24.320" classname="pOm.VerifyLoginPage"/>
</testsuite> <!-- pOm.VerifyLoginPage -->
